2023-04-10 11:15:12.115 [INFO] rabbitmq connection is established
2023-04-10 14:31:04.181 [INFO] rabbitmq connection is established
2023-04-10 15:10:25.641 [ERRO] 计算错误
Stack:
1.  NewMarkerMaker/internal/logic.CalBondPrice
    D:/Work/NewMM/NewMarkerMaker/internal/logic/quoteUtils.go:44
2.  NewMarkerMaker/internal/controller.SendTestMMQuote
    D:/Work/NewMM/NewMarkerMaker/internal/controller/testQuote.go:24
3.  github.com/gogf/gf/v2/net/ghttp.(*middleware).callHandlerFunc.func1
    D:/Work/go/pkg/mod/github.com/gogf/gf/v2@v2.1.4/net/ghttp/ghttp_request_middleware.go:131
4.  github.com/gogf/gf/v2/net/ghttp.niceCallFunc
    D:/Work/go/pkg/mod/github.com/gogf/gf/v2@v2.1.4/net/ghttp/ghttp_func.go:55
5.  github.com/gogf/gf/v2/net/ghttp.(*middleware).callHandlerFunc
    D:/Work/go/pkg/mod/github.com/gogf/gf/v2@v2.1.4/net/ghttp/ghttp_request_middleware.go:129
6.  github.com/gogf/gf/v2/net/ghttp.(*middleware).Next.func1.4
    D:/Work/go/pkg/mod/github.com/gogf/gf/v2@v2.1.4/net/ghttp/ghttp_request_middleware.go:90
7.  github.com/gogf/gf/v2/net/ghttp.niceCallFunc
    D:/Work/go/pkg/mod/github.com/gogf/gf/v2@v2.1.4/net/ghttp/ghttp_func.go:55
8.  github.com/gogf/gf/v2/net/ghttp.(*middleware).Next.func1
    D:/Work/go/pkg/mod/github.com/gogf/gf/v2@v2.1.4/net/ghttp/ghttp_request_middleware.go:89
9.  github.com/gogf/gf/v2/util/gutil.TryCatch
    D:/Work/go/pkg/mod/github.com/gogf/gf/v2@v2.1.4/util/gutil/gutil.go:56
10. github.com/gogf/gf/v2/net/ghttp.(*middleware).Next
    D:/Work/go/pkg/mod/github.com/gogf/gf/v2@v2.1.4/net/ghttp/ghttp_request_middleware.go:49
11. github.com/gogf/gf/v2/net/ghttp.internalMiddlewareServerTracing
    D:/Work/go/pkg/mod/github.com/gogf/gf/v2@v2.1.4/net/ghttp/ghttp_middleware_tracing.go:78
12. github.com/gogf/gf/v2/net/ghttp.(*middleware).Next.func1.5
    D:/Work/go/pkg/mod/github.com/gogf/gf/v2@v2.1.4/net/ghttp/ghttp_request_middleware.go:96
13. github.com/gogf/gf/v2/net/ghttp.niceCallFunc
    D:/Work/go/pkg/mod/github.com/gogf/gf/v2@v2.1.4/net/ghttp/ghttp_func.go:55
14. github.com/gogf/gf/v2/net/ghttp.(*middleware).Next.func1
    D:/Work/go/pkg/mod/github.com/gogf/gf/v2@v2.1.4/net/ghttp/ghttp_request_middleware.go:95
15. github.com/gogf/gf/v2/util/gutil.TryCatch
    D:/Work/go/pkg/mod/github.com/gogf/gf/v2@v2.1.4/util/gutil/gutil.go:56
16. github.com/gogf/gf/v2/net/ghttp.(*middleware).Next
    D:/Work/go/pkg/mod/github.com/gogf/gf/v2@v2.1.4/net/ghttp/ghttp_request_middleware.go:49
17. github.com/gogf/gf/v2/net/ghttp.(*Server).ServeHTTP
    D:/Work/go/pkg/mod/github.com/gogf/gf/v2@v2.1.4/net/ghttp/ghttp_server_handler.go:121

2023-04-10 15:10:25.859 [ERRO] 计算错误
Stack:
1.  NewMarkerMaker/internal/logic.CalBondPrice
    D:/Work/NewMM/NewMarkerMaker/internal/logic/quoteUtils.go:44
2.  NewMarkerMaker/internal/controller.SendTestMMQuote
    D:/Work/NewMM/NewMarkerMaker/internal/controller/testQuote.go:25
3.  github.com/gogf/gf/v2/net/ghttp.(*middleware).callHandlerFunc.func1
    D:/Work/go/pkg/mod/github.com/gogf/gf/v2@v2.1.4/net/ghttp/ghttp_request_middleware.go:131
4.  github.com/gogf/gf/v2/net/ghttp.niceCallFunc
    D:/Work/go/pkg/mod/github.com/gogf/gf/v2@v2.1.4/net/ghttp/ghttp_func.go:55
5.  github.com/gogf/gf/v2/net/ghttp.(*middleware).callHandlerFunc
    D:/Work/go/pkg/mod/github.com/gogf/gf/v2@v2.1.4/net/ghttp/ghttp_request_middleware.go:129
6.  github.com/gogf/gf/v2/net/ghttp.(*middleware).Next.func1.4
    D:/Work/go/pkg/mod/github.com/gogf/gf/v2@v2.1.4/net/ghttp/ghttp_request_middleware.go:90
7.  github.com/gogf/gf/v2/net/ghttp.niceCallFunc
    D:/Work/go/pkg/mod/github.com/gogf/gf/v2@v2.1.4/net/ghttp/ghttp_func.go:55
8.  github.com/gogf/gf/v2/net/ghttp.(*middleware).Next.func1
    D:/Work/go/pkg/mod/github.com/gogf/gf/v2@v2.1.4/net/ghttp/ghttp_request_middleware.go:89
9.  github.com/gogf/gf/v2/util/gutil.TryCatch
    D:/Work/go/pkg/mod/github.com/gogf/gf/v2@v2.1.4/util/gutil/gutil.go:56
10. github.com/gogf/gf/v2/net/ghttp.(*middleware).Next
    D:/Work/go/pkg/mod/github.com/gogf/gf/v2@v2.1.4/net/ghttp/ghttp_request_middleware.go:49
11. github.com/gogf/gf/v2/net/ghttp.internalMiddlewareServerTracing
    D:/Work/go/pkg/mod/github.com/gogf/gf/v2@v2.1.4/net/ghttp/ghttp_middleware_tracing.go:78
12. github.com/gogf/gf/v2/net/ghttp.(*middleware).Next.func1.5
    D:/Work/go/pkg/mod/github.com/gogf/gf/v2@v2.1.4/net/ghttp/ghttp_request_middleware.go:96
13. github.com/gogf/gf/v2/net/ghttp.niceCallFunc
    D:/Work/go/pkg/mod/github.com/gogf/gf/v2@v2.1.4/net/ghttp/ghttp_func.go:55
14. github.com/gogf/gf/v2/net/ghttp.(*middleware).Next.func1
    D:/Work/go/pkg/mod/github.com/gogf/gf/v2@v2.1.4/net/ghttp/ghttp_request_middleware.go:95
15. github.com/gogf/gf/v2/util/gutil.TryCatch
    D:/Work/go/pkg/mod/github.com/gogf/gf/v2@v2.1.4/util/gutil/gutil.go:56
16. github.com/gogf/gf/v2/net/ghttp.(*middleware).Next
    D:/Work/go/pkg/mod/github.com/gogf/gf/v2@v2.1.4/net/ghttp/ghttp_request_middleware.go:49
17. github.com/gogf/gf/v2/net/ghttp.(*Server).ServeHTTP
    D:/Work/go/pkg/mod/github.com/gogf/gf/v2@v2.1.4/net/ghttp/ghttp_server_handler.go:121

2023-04-10 15:10:25.859 [ERRO] 净价计算失败，取消发送该笔报价{"TYPE":"M","CLORDID":"QRdhzqtrd051025438","QUOTEID":"","QUOTESTATUS":"","BONDCODE":"200301","MAXFLOOR":10000000,"BUYORDERQTY":50000000,"BUYPRICE":0,"BUYYTMYILED":3,"BUYDEALQTY":0,"SELLORDERQTY":30000000,"SELLPRICE":0,"SELLYTMYILED":2.95,"SELLDEALQTY":0,"SETTLTYPE":2,"ORDERTIME":"2023-04-10 15:10:25","TRANSACTTIME":"","INFO":""}
Stack:
1.  NewMarkerMaker/internal/logic.SendMMQuote
    D:/Work/NewMM/NewMarkerMaker/internal/logic/QuoteLogic.go:23
2.  NewMarkerMaker/internal/controller.SendTestMMQuote
    D:/Work/NewMM/NewMarkerMaker/internal/controller/testQuote.go:28
3.  github.com/gogf/gf/v2/net/ghttp.(*middleware).callHandlerFunc.func1
    D:/Work/go/pkg/mod/github.com/gogf/gf/v2@v2.1.4/net/ghttp/ghttp_request_middleware.go:131
4.  github.com/gogf/gf/v2/net/ghttp.niceCallFunc
    D:/Work/go/pkg/mod/github.com/gogf/gf/v2@v2.1.4/net/ghttp/ghttp_func.go:55
5.  github.com/gogf/gf/v2/net/ghttp.(*middleware).callHandlerFunc
    D:/Work/go/pkg/mod/github.com/gogf/gf/v2@v2.1.4/net/ghttp/ghttp_request_middleware.go:129
6.  github.com/gogf/gf/v2/net/ghttp.(*middleware).Next.func1.4
    D:/Work/go/pkg/mod/github.com/gogf/gf/v2@v2.1.4/net/ghttp/ghttp_request_middleware.go:90
7.  github.com/gogf/gf/v2/net/ghttp.niceCallFunc
    D:/Work/go/pkg/mod/github.com/gogf/gf/v2@v2.1.4/net/ghttp/ghttp_func.go:55
8.  github.com/gogf/gf/v2/net/ghttp.(*middleware).Next.func1
    D:/Work/go/pkg/mod/github.com/gogf/gf/v2@v2.1.4/net/ghttp/ghttp_request_middleware.go:89
9.  github.com/gogf/gf/v2/util/gutil.TryCatch
    D:/Work/go/pkg/mod/github.com/gogf/gf/v2@v2.1.4/util/gutil/gutil.go:56
10. github.com/gogf/gf/v2/net/ghttp.(*middleware).Next
    D:/Work/go/pkg/mod/github.com/gogf/gf/v2@v2.1.4/net/ghttp/ghttp_request_middleware.go:49
11. github.com/gogf/gf/v2/net/ghttp.internalMiddlewareServerTracing
    D:/Work/go/pkg/mod/github.com/gogf/gf/v2@v2.1.4/net/ghttp/ghttp_middleware_tracing.go:78
12. github.com/gogf/gf/v2/net/ghttp.(*middleware).Next.func1.5
    D:/Work/go/pkg/mod/github.com/gogf/gf/v2@v2.1.4/net/ghttp/ghttp_request_middleware.go:96
13. github.com/gogf/gf/v2/net/ghttp.niceCallFunc
    D:/Work/go/pkg/mod/github.com/gogf/gf/v2@v2.1.4/net/ghttp/ghttp_func.go:55
14. github.com/gogf/gf/v2/net/ghttp.(*middleware).Next.func1
    D:/Work/go/pkg/mod/github.com/gogf/gf/v2@v2.1.4/net/ghttp/ghttp_request_middleware.go:95
15. github.com/gogf/gf/v2/util/gutil.TryCatch
    D:/Work/go/pkg/mod/github.com/gogf/gf/v2@v2.1.4/util/gutil/gutil.go:56
16. github.com/gogf/gf/v2/net/ghttp.(*middleware).Next
    D:/Work/go/pkg/mod/github.com/gogf/gf/v2@v2.1.4/net/ghttp/ghttp_request_middleware.go:49
17. github.com/gogf/gf/v2/net/ghttp.(*Server).ServeHTTP
    D:/Work/go/pkg/mod/github.com/gogf/gf/v2@v2.1.4/net/ghttp/ghttp_server_handler.go:121

2023-04-10 15:10:28.967 [ERRO] 计算错误
Stack:
1.  NewMarkerMaker/internal/logic.CalBondPrice
    D:/Work/NewMM/NewMarkerMaker/internal/logic/quoteUtils.go:44
2.  NewMarkerMaker/internal/controller.SendTestMMQuote
    D:/Work/NewMM/NewMarkerMaker/internal/controller/testQuote.go:24
3.  github.com/gogf/gf/v2/net/ghttp.(*middleware).callHandlerFunc.func1
    D:/Work/go/pkg/mod/github.com/gogf/gf/v2@v2.1.4/net/ghttp/ghttp_request_middleware.go:131
4.  github.com/gogf/gf/v2/net/ghttp.niceCallFunc
    D:/Work/go/pkg/mod/github.com/gogf/gf/v2@v2.1.4/net/ghttp/ghttp_func.go:55
5.  github.com/gogf/gf/v2/net/ghttp.(*middleware).callHandlerFunc
    D:/Work/go/pkg/mod/github.com/gogf/gf/v2@v2.1.4/net/ghttp/ghttp_request_middleware.go:129
6.  github.com/gogf/gf/v2/net/ghttp.(*middleware).Next.func1.4
    D:/Work/go/pkg/mod/github.com/gogf/gf/v2@v2.1.4/net/ghttp/ghttp_request_middleware.go:90
7.  github.com/gogf/gf/v2/net/ghttp.niceCallFunc
    D:/Work/go/pkg/mod/github.com/gogf/gf/v2@v2.1.4/net/ghttp/ghttp_func.go:55
8.  github.com/gogf/gf/v2/net/ghttp.(*middleware).Next.func1
    D:/Work/go/pkg/mod/github.com/gogf/gf/v2@v2.1.4/net/ghttp/ghttp_request_middleware.go:89
9.  github.com/gogf/gf/v2/util/gutil.TryCatch
    D:/Work/go/pkg/mod/github.com/gogf/gf/v2@v2.1.4/util/gutil/gutil.go:56
10. github.com/gogf/gf/v2/net/ghttp.(*middleware).Next
    D:/Work/go/pkg/mod/github.com/gogf/gf/v2@v2.1.4/net/ghttp/ghttp_request_middleware.go:49
11. github.com/gogf/gf/v2/net/ghttp.internalMiddlewareServerTracing
    D:/Work/go/pkg/mod/github.com/gogf/gf/v2@v2.1.4/net/ghttp/ghttp_middleware_tracing.go:78
12. github.com/gogf/gf/v2/net/ghttp.(*middleware).Next.func1.5
    D:/Work/go/pkg/mod/github.com/gogf/gf/v2@v2.1.4/net/ghttp/ghttp_request_middleware.go:96
13. github.com/gogf/gf/v2/net/ghttp.niceCallFunc
    D:/Work/go/pkg/mod/github.com/gogf/gf/v2@v2.1.4/net/ghttp/ghttp_func.go:55
14. github.com/gogf/gf/v2/net/ghttp.(*middleware).Next.func1
    D:/Work/go/pkg/mod/github.com/gogf/gf/v2@v2.1.4/net/ghttp/ghttp_request_middleware.go:95
15. github.com/gogf/gf/v2/util/gutil.TryCatch
    D:/Work/go/pkg/mod/github.com/gogf/gf/v2@v2.1.4/util/gutil/gutil.go:56
16. github.com/gogf/gf/v2/net/ghttp.(*middleware).Next
    D:/Work/go/pkg/mod/github.com/gogf/gf/v2@v2.1.4/net/ghttp/ghttp_request_middleware.go:49
17. github.com/gogf/gf/v2/net/ghttp.(*Server).ServeHTTP
    D:/Work/go/pkg/mod/github.com/gogf/gf/v2@v2.1.4/net/ghttp/ghttp_server_handler.go:121

2023-04-10 15:10:29.049 [ERRO] 计算错误
Stack:
1.  NewMarkerMaker/internal/logic.CalBondPrice
    D:/Work/NewMM/NewMarkerMaker/internal/logic/quoteUtils.go:44
2.  NewMarkerMaker/internal/controller.SendTestMMQuote
    D:/Work/NewMM/NewMarkerMaker/internal/controller/testQuote.go:25
3.  github.com/gogf/gf/v2/net/ghttp.(*middleware).callHandlerFunc.func1
    D:/Work/go/pkg/mod/github.com/gogf/gf/v2@v2.1.4/net/ghttp/ghttp_request_middleware.go:131
4.  github.com/gogf/gf/v2/net/ghttp.niceCallFunc
    D:/Work/go/pkg/mod/github.com/gogf/gf/v2@v2.1.4/net/ghttp/ghttp_func.go:55
5.  github.com/gogf/gf/v2/net/ghttp.(*middleware).callHandlerFunc
    D:/Work/go/pkg/mod/github.com/gogf/gf/v2@v2.1.4/net/ghttp/ghttp_request_middleware.go:129
6.  github.com/gogf/gf/v2/net/ghttp.(*middleware).Next.func1.4
    D:/Work/go/pkg/mod/github.com/gogf/gf/v2@v2.1.4/net/ghttp/ghttp_request_middleware.go:90
7.  github.com/gogf/gf/v2/net/ghttp.niceCallFunc
    D:/Work/go/pkg/mod/github.com/gogf/gf/v2@v2.1.4/net/ghttp/ghttp_func.go:55
8.  github.com/gogf/gf/v2/net/ghttp.(*middleware).Next.func1
    D:/Work/go/pkg/mod/github.com/gogf/gf/v2@v2.1.4/net/ghttp/ghttp_request_middleware.go:89
9.  github.com/gogf/gf/v2/util/gutil.TryCatch
    D:/Work/go/pkg/mod/github.com/gogf/gf/v2@v2.1.4/util/gutil/gutil.go:56
10. github.com/gogf/gf/v2/net/ghttp.(*middleware).Next
    D:/Work/go/pkg/mod/github.com/gogf/gf/v2@v2.1.4/net/ghttp/ghttp_request_middleware.go:49
11. github.com/gogf/gf/v2/net/ghttp.internalMiddlewareServerTracing
    D:/Work/go/pkg/mod/github.com/gogf/gf/v2@v2.1.4/net/ghttp/ghttp_middleware_tracing.go:78
12. github.com/gogf/gf/v2/net/ghttp.(*middleware).Next.func1.5
    D:/Work/go/pkg/mod/github.com/gogf/gf/v2@v2.1.4/net/ghttp/ghttp_request_middleware.go:96
13. github.com/gogf/gf/v2/net/ghttp.niceCallFunc
    D:/Work/go/pkg/mod/github.com/gogf/gf/v2@v2.1.4/net/ghttp/ghttp_func.go:55
14. github.com/gogf/gf/v2/net/ghttp.(*middleware).Next.func1
    D:/Work/go/pkg/mod/github.com/gogf/gf/v2@v2.1.4/net/ghttp/ghttp_request_middleware.go:95
15. github.com/gogf/gf/v2/util/gutil.TryCatch
    D:/Work/go/pkg/mod/github.com/gogf/gf/v2@v2.1.4/util/gutil/gutil.go:56
16. github.com/gogf/gf/v2/net/ghttp.(*middleware).Next
    D:/Work/go/pkg/mod/github.com/gogf/gf/v2@v2.1.4/net/ghttp/ghttp_request_middleware.go:49
17. github.com/gogf/gf/v2/net/ghttp.(*Server).ServeHTTP
    D:/Work/go/pkg/mod/github.com/gogf/gf/v2@v2.1.4/net/ghttp/ghttp_server_handler.go:121

2023-04-10 15:10:29.049 [ERRO] 净价计算失败，取消发送该笔报价{"TYPE":"M","CLORDID":"QRdhzqtrd051028869","QUOTEID":"","QUOTESTATUS":"","BONDCODE":"200301","MAXFLOOR":10000000,"BUYORDERQTY":50000000,"BUYPRICE":0,"BUYYTMYILED":3,"BUYDEALQTY":0,"SELLORDERQTY":30000000,"SELLPRICE":0,"SELLYTMYILED":2.95,"SELLDEALQTY":0,"SETTLTYPE":2,"ORDERTIME":"2023-04-10 15:10:29","TRANSACTTIME":"","INFO":""}
Stack:
1.  NewMarkerMaker/internal/logic.SendMMQuote
    D:/Work/NewMM/NewMarkerMaker/internal/logic/QuoteLogic.go:23
2.  NewMarkerMaker/internal/controller.SendTestMMQuote
    D:/Work/NewMM/NewMarkerMaker/internal/controller/testQuote.go:28
3.  github.com/gogf/gf/v2/net/ghttp.(*middleware).callHandlerFunc.func1
    D:/Work/go/pkg/mod/github.com/gogf/gf/v2@v2.1.4/net/ghttp/ghttp_request_middleware.go:131
4.  github.com/gogf/gf/v2/net/ghttp.niceCallFunc
    D:/Work/go/pkg/mod/github.com/gogf/gf/v2@v2.1.4/net/ghttp/ghttp_func.go:55
5.  github.com/gogf/gf/v2/net/ghttp.(*middleware).callHandlerFunc
    D:/Work/go/pkg/mod/github.com/gogf/gf/v2@v2.1.4/net/ghttp/ghttp_request_middleware.go:129
6.  github.com/gogf/gf/v2/net/ghttp.(*middleware).Next.func1.4
    D:/Work/go/pkg/mod/github.com/gogf/gf/v2@v2.1.4/net/ghttp/ghttp_request_middleware.go:90
7.  github.com/gogf/gf/v2/net/ghttp.niceCallFunc
    D:/Work/go/pkg/mod/github.com/gogf/gf/v2@v2.1.4/net/ghttp/ghttp_func.go:55
8.  github.com/gogf/gf/v2/net/ghttp.(*middleware).Next.func1
    D:/Work/go/pkg/mod/github.com/gogf/gf/v2@v2.1.4/net/ghttp/ghttp_request_middleware.go:89
9.  github.com/gogf/gf/v2/util/gutil.TryCatch
    D:/Work/go/pkg/mod/github.com/gogf/gf/v2@v2.1.4/util/gutil/gutil.go:56
10. github.com/gogf/gf/v2/net/ghttp.(*middleware).Next
    D:/Work/go/pkg/mod/github.com/gogf/gf/v2@v2.1.4/net/ghttp/ghttp_request_middleware.go:49
11. github.com/gogf/gf/v2/net/ghttp.internalMiddlewareServerTracing
    D:/Work/go/pkg/mod/github.com/gogf/gf/v2@v2.1.4/net/ghttp/ghttp_middleware_tracing.go:78
12. github.com/gogf/gf/v2/net/ghttp.(*middleware).Next.func1.5
    D:/Work/go/pkg/mod/github.com/gogf/gf/v2@v2.1.4/net/ghttp/ghttp_request_middleware.go:96
13. github.com/gogf/gf/v2/net/ghttp.niceCallFunc
    D:/Work/go/pkg/mod/github.com/gogf/gf/v2@v2.1.4/net/ghttp/ghttp_func.go:55
14. github.com/gogf/gf/v2/net/ghttp.(*middleware).Next.func1
    D:/Work/go/pkg/mod/github.com/gogf/gf/v2@v2.1.4/net/ghttp/ghttp_request_middleware.go:95
15. github.com/gogf/gf/v2/util/gutil.TryCatch
    D:/Work/go/pkg/mod/github.com/gogf/gf/v2@v2.1.4/util/gutil/gutil.go:56
16. github.com/gogf/gf/v2/net/ghttp.(*middleware).Next
    D:/Work/go/pkg/mod/github.com/gogf/gf/v2@v2.1.4/net/ghttp/ghttp_request_middleware.go:49
17. github.com/gogf/gf/v2/net/ghttp.(*Server).ServeHTTP
    D:/Work/go/pkg/mod/github.com/gogf/gf/v2@v2.1.4/net/ghttp/ghttp_server_handler.go:121

2023-04-10 15:11:17.956 [ERRO] 计算错误
Stack:
1.  NewMarkerMaker/internal/logic.CalBondPrice
    D:/Work/NewMM/NewMarkerMaker/internal/logic/quoteUtils.go:44
2.  NewMarkerMaker/internal/controller.SendTestMMQuote
    D:/Work/NewMM/NewMarkerMaker/internal/controller/testQuote.go:24
3.  github.com/gogf/gf/v2/net/ghttp.(*middleware).callHandlerFunc.func1
    D:/Work/go/pkg/mod/github.com/gogf/gf/v2@v2.1.4/net/ghttp/ghttp_request_middleware.go:131
4.  github.com/gogf/gf/v2/net/ghttp.niceCallFunc
    D:/Work/go/pkg/mod/github.com/gogf/gf/v2@v2.1.4/net/ghttp/ghttp_func.go:55
5.  github.com/gogf/gf/v2/net/ghttp.(*middleware).callHandlerFunc
    D:/Work/go/pkg/mod/github.com/gogf/gf/v2@v2.1.4/net/ghttp/ghttp_request_middleware.go:129
6.  github.com/gogf/gf/v2/net/ghttp.(*middleware).Next.func1.4
    D:/Work/go/pkg/mod/github.com/gogf/gf/v2@v2.1.4/net/ghttp/ghttp_request_middleware.go:90
7.  github.com/gogf/gf/v2/net/ghttp.niceCallFunc
    D:/Work/go/pkg/mod/github.com/gogf/gf/v2@v2.1.4/net/ghttp/ghttp_func.go:55
8.  github.com/gogf/gf/v2/net/ghttp.(*middleware).Next.func1
    D:/Work/go/pkg/mod/github.com/gogf/gf/v2@v2.1.4/net/ghttp/ghttp_request_middleware.go:89
9.  github.com/gogf/gf/v2/util/gutil.TryCatch
    D:/Work/go/pkg/mod/github.com/gogf/gf/v2@v2.1.4/util/gutil/gutil.go:56
10. github.com/gogf/gf/v2/net/ghttp.(*middleware).Next
    D:/Work/go/pkg/mod/github.com/gogf/gf/v2@v2.1.4/net/ghttp/ghttp_request_middleware.go:49
11. github.com/gogf/gf/v2/net/ghttp.internalMiddlewareServerTracing
    D:/Work/go/pkg/mod/github.com/gogf/gf/v2@v2.1.4/net/ghttp/ghttp_middleware_tracing.go:78
12. github.com/gogf/gf/v2/net/ghttp.(*middleware).Next.func1.5
    D:/Work/go/pkg/mod/github.com/gogf/gf/v2@v2.1.4/net/ghttp/ghttp_request_middleware.go:96
13. github.com/gogf/gf/v2/net/ghttp.niceCallFunc
    D:/Work/go/pkg/mod/github.com/gogf/gf/v2@v2.1.4/net/ghttp/ghttp_func.go:55
14. github.com/gogf/gf/v2/net/ghttp.(*middleware).Next.func1
    D:/Work/go/pkg/mod/github.com/gogf/gf/v2@v2.1.4/net/ghttp/ghttp_request_middleware.go:95
15. github.com/gogf/gf/v2/util/gutil.TryCatch
    D:/Work/go/pkg/mod/github.com/gogf/gf/v2@v2.1.4/util/gutil/gutil.go:56
16. github.com/gogf/gf/v2/net/ghttp.(*middleware).Next
    D:/Work/go/pkg/mod/github.com/gogf/gf/v2@v2.1.4/net/ghttp/ghttp_request_middleware.go:49
17. github.com/gogf/gf/v2/net/ghttp.(*Server).ServeHTTP
    D:/Work/go/pkg/mod/github.com/gogf/gf/v2@v2.1.4/net/ghttp/ghttp_server_handler.go:121

2023-04-10 15:11:18.023 [ERRO] 计算错误
Stack:
1.  NewMarkerMaker/internal/logic.CalBondPrice
    D:/Work/NewMM/NewMarkerMaker/internal/logic/quoteUtils.go:44
2.  NewMarkerMaker/internal/controller.SendTestMMQuote
    D:/Work/NewMM/NewMarkerMaker/internal/controller/testQuote.go:25
3.  github.com/gogf/gf/v2/net/ghttp.(*middleware).callHandlerFunc.func1
    D:/Work/go/pkg/mod/github.com/gogf/gf/v2@v2.1.4/net/ghttp/ghttp_request_middleware.go:131
4.  github.com/gogf/gf/v2/net/ghttp.niceCallFunc
    D:/Work/go/pkg/mod/github.com/gogf/gf/v2@v2.1.4/net/ghttp/ghttp_func.go:55
5.  github.com/gogf/gf/v2/net/ghttp.(*middleware).callHandlerFunc
    D:/Work/go/pkg/mod/github.com/gogf/gf/v2@v2.1.4/net/ghttp/ghttp_request_middleware.go:129
6.  github.com/gogf/gf/v2/net/ghttp.(*middleware).Next.func1.4
    D:/Work/go/pkg/mod/github.com/gogf/gf/v2@v2.1.4/net/ghttp/ghttp_request_middleware.go:90
7.  github.com/gogf/gf/v2/net/ghttp.niceCallFunc
    D:/Work/go/pkg/mod/github.com/gogf/gf/v2@v2.1.4/net/ghttp/ghttp_func.go:55
8.  github.com/gogf/gf/v2/net/ghttp.(*middleware).Next.func1
    D:/Work/go/pkg/mod/github.com/gogf/gf/v2@v2.1.4/net/ghttp/ghttp_request_middleware.go:89
9.  github.com/gogf/gf/v2/util/gutil.TryCatch
    D:/Work/go/pkg/mod/github.com/gogf/gf/v2@v2.1.4/util/gutil/gutil.go:56
10. github.com/gogf/gf/v2/net/ghttp.(*middleware).Next
    D:/Work/go/pkg/mod/github.com/gogf/gf/v2@v2.1.4/net/ghttp/ghttp_request_middleware.go:49
11. github.com/gogf/gf/v2/net/ghttp.internalMiddlewareServerTracing
    D:/Work/go/pkg/mod/github.com/gogf/gf/v2@v2.1.4/net/ghttp/ghttp_middleware_tracing.go:78
12. github.com/gogf/gf/v2/net/ghttp.(*middleware).Next.func1.5
    D:/Work/go/pkg/mod/github.com/gogf/gf/v2@v2.1.4/net/ghttp/ghttp_request_middleware.go:96
13. github.com/gogf/gf/v2/net/ghttp.niceCallFunc
    D:/Work/go/pkg/mod/github.com/gogf/gf/v2@v2.1.4/net/ghttp/ghttp_func.go:55
14. github.com/gogf/gf/v2/net/ghttp.(*middleware).Next.func1
    D:/Work/go/pkg/mod/github.com/gogf/gf/v2@v2.1.4/net/ghttp/ghttp_request_middleware.go:95
15. github.com/gogf/gf/v2/util/gutil.TryCatch
    D:/Work/go/pkg/mod/github.com/gogf/gf/v2@v2.1.4/util/gutil/gutil.go:56
16. github.com/gogf/gf/v2/net/ghttp.(*middleware).Next
    D:/Work/go/pkg/mod/github.com/gogf/gf/v2@v2.1.4/net/ghttp/ghttp_request_middleware.go:49
17. github.com/gogf/gf/v2/net/ghttp.(*Server).ServeHTTP
    D:/Work/go/pkg/mod/github.com/gogf/gf/v2@v2.1.4/net/ghttp/ghttp_server_handler.go:121

2023-04-10 15:11:18.023 [ERRO] 净价计算失败，取消发送该笔报价{"TYPE":"M","CLORDID":"QRdhzqtrd051117887","QUOTEID":"","QUOTESTATUS":"","BONDCODE":"200301","MAXFLOOR":10000000,"BUYORDERQTY":50000000,"BUYPRICE":0,"BUYYTMYILED":2.2,"BUYDEALQTY":0,"SELLORDERQTY":30000000,"SELLPRICE":0,"SELLYTMYILED":2.1,"SELLDEALQTY":0,"SETTLTYPE":2,"ORDERTIME":"2023-04-10 15:11:18","TRANSACTTIME":"","INFO":""}
Stack:
1.  NewMarkerMaker/internal/logic.SendMMQuote
    D:/Work/NewMM/NewMarkerMaker/internal/logic/QuoteLogic.go:23
2.  NewMarkerMaker/internal/controller.SendTestMMQuote
    D:/Work/NewMM/NewMarkerMaker/internal/controller/testQuote.go:28
3.  github.com/gogf/gf/v2/net/ghttp.(*middleware).callHandlerFunc.func1
    D:/Work/go/pkg/mod/github.com/gogf/gf/v2@v2.1.4/net/ghttp/ghttp_request_middleware.go:131
4.  github.com/gogf/gf/v2/net/ghttp.niceCallFunc
    D:/Work/go/pkg/mod/github.com/gogf/gf/v2@v2.1.4/net/ghttp/ghttp_func.go:55
5.  github.com/gogf/gf/v2/net/ghttp.(*middleware).callHandlerFunc
    D:/Work/go/pkg/mod/github.com/gogf/gf/v2@v2.1.4/net/ghttp/ghttp_request_middleware.go:129
6.  github.com/gogf/gf/v2/net/ghttp.(*middleware).Next.func1.4
    D:/Work/go/pkg/mod/github.com/gogf/gf/v2@v2.1.4/net/ghttp/ghttp_request_middleware.go:90
7.  github.com/gogf/gf/v2/net/ghttp.niceCallFunc
    D:/Work/go/pkg/mod/github.com/gogf/gf/v2@v2.1.4/net/ghttp/ghttp_func.go:55
8.  github.com/gogf/gf/v2/net/ghttp.(*middleware).Next.func1
    D:/Work/go/pkg/mod/github.com/gogf/gf/v2@v2.1.4/net/ghttp/ghttp_request_middleware.go:89
9.  github.com/gogf/gf/v2/util/gutil.TryCatch
    D:/Work/go/pkg/mod/github.com/gogf/gf/v2@v2.1.4/util/gutil/gutil.go:56
10. github.com/gogf/gf/v2/net/ghttp.(*middleware).Next
    D:/Work/go/pkg/mod/github.com/gogf/gf/v2@v2.1.4/net/ghttp/ghttp_request_middleware.go:49
11. github.com/gogf/gf/v2/net/ghttp.internalMiddlewareServerTracing
    D:/Work/go/pkg/mod/github.com/gogf/gf/v2@v2.1.4/net/ghttp/ghttp_middleware_tracing.go:78
12. github.com/gogf/gf/v2/net/ghttp.(*middleware).Next.func1.5
    D:/Work/go/pkg/mod/github.com/gogf/gf/v2@v2.1.4/net/ghttp/ghttp_request_middleware.go:96
13. github.com/gogf/gf/v2/net/ghttp.niceCallFunc
    D:/Work/go/pkg/mod/github.com/gogf/gf/v2@v2.1.4/net/ghttp/ghttp_func.go:55
14. github.com/gogf/gf/v2/net/ghttp.(*middleware).Next.func1
    D:/Work/go/pkg/mod/github.com/gogf/gf/v2@v2.1.4/net/ghttp/ghttp_request_middleware.go:95
15. github.com/gogf/gf/v2/util/gutil.TryCatch
    D:/Work/go/pkg/mod/github.com/gogf/gf/v2@v2.1.4/util/gutil/gutil.go:56
16. github.com/gogf/gf/v2/net/ghttp.(*middleware).Next
    D:/Work/go/pkg/mod/github.com/gogf/gf/v2@v2.1.4/net/ghttp/ghttp_request_middleware.go:49
17. github.com/gogf/gf/v2/net/ghttp.(*Server).ServeHTTP
    D:/Work/go/pkg/mod/github.com/gogf/gf/v2@v2.1.4/net/ghttp/ghttp_server_handler.go:121

2023-04-10 15:11:20.144 [ERRO] 计算错误
Stack:
1.  NewMarkerMaker/internal/logic.CalBondPrice
    D:/Work/NewMM/NewMarkerMaker/internal/logic/quoteUtils.go:44
2.  NewMarkerMaker/internal/controller.SendTestMMQuote
    D:/Work/NewMM/NewMarkerMaker/internal/controller/testQuote.go:24
3.  github.com/gogf/gf/v2/net/ghttp.(*middleware).callHandlerFunc.func1
    D:/Work/go/pkg/mod/github.com/gogf/gf/v2@v2.1.4/net/ghttp/ghttp_request_middleware.go:131
4.  github.com/gogf/gf/v2/net/ghttp.niceCallFunc
    D:/Work/go/pkg/mod/github.com/gogf/gf/v2@v2.1.4/net/ghttp/ghttp_func.go:55
5.  github.com/gogf/gf/v2/net/ghttp.(*middleware).callHandlerFunc
    D:/Work/go/pkg/mod/github.com/gogf/gf/v2@v2.1.4/net/ghttp/ghttp_request_middleware.go:129
6.  github.com/gogf/gf/v2/net/ghttp.(*middleware).Next.func1.4
    D:/Work/go/pkg/mod/github.com/gogf/gf/v2@v2.1.4/net/ghttp/ghttp_request_middleware.go:90
7.  github.com/gogf/gf/v2/net/ghttp.niceCallFunc
    D:/Work/go/pkg/mod/github.com/gogf/gf/v2@v2.1.4/net/ghttp/ghttp_func.go:55
8.  github.com/gogf/gf/v2/net/ghttp.(*middleware).Next.func1
    D:/Work/go/pkg/mod/github.com/gogf/gf/v2@v2.1.4/net/ghttp/ghttp_request_middleware.go:89
9.  github.com/gogf/gf/v2/util/gutil.TryCatch
    D:/Work/go/pkg/mod/github.com/gogf/gf/v2@v2.1.4/util/gutil/gutil.go:56
10. github.com/gogf/gf/v2/net/ghttp.(*middleware).Next
    D:/Work/go/pkg/mod/github.com/gogf/gf/v2@v2.1.4/net/ghttp/ghttp_request_middleware.go:49
11. github.com/gogf/gf/v2/net/ghttp.internalMiddlewareServerTracing
    D:/Work/go/pkg/mod/github.com/gogf/gf/v2@v2.1.4/net/ghttp/ghttp_middleware_tracing.go:78
12. github.com/gogf/gf/v2/net/ghttp.(*middleware).Next.func1.5
    D:/Work/go/pkg/mod/github.com/gogf/gf/v2@v2.1.4/net/ghttp/ghttp_request_middleware.go:96
13. github.com/gogf/gf/v2/net/ghttp.niceCallFunc
    D:/Work/go/pkg/mod/github.com/gogf/gf/v2@v2.1.4/net/ghttp/ghttp_func.go:55
14. github.com/gogf/gf/v2/net/ghttp.(*middleware).Next.func1
    D:/Work/go/pkg/mod/github.com/gogf/gf/v2@v2.1.4/net/ghttp/ghttp_request_middleware.go:95
15. github.com/gogf/gf/v2/util/gutil.TryCatch
    D:/Work/go/pkg/mod/github.com/gogf/gf/v2@v2.1.4/util/gutil/gutil.go:56
16. github.com/gogf/gf/v2/net/ghttp.(*middleware).Next
    D:/Work/go/pkg/mod/github.com/gogf/gf/v2@v2.1.4/net/ghttp/ghttp_request_middleware.go:49
17. github.com/gogf/gf/v2/net/ghttp.(*Server).ServeHTTP
    D:/Work/go/pkg/mod/github.com/gogf/gf/v2@v2.1.4/net/ghttp/ghttp_server_handler.go:121

2023-04-10 15:11:20.219 [ERRO] 计算错误
Stack:
1.  NewMarkerMaker/internal/logic.CalBondPrice
    D:/Work/NewMM/NewMarkerMaker/internal/logic/quoteUtils.go:44
2.  NewMarkerMaker/internal/controller.SendTestMMQuote
    D:/Work/NewMM/NewMarkerMaker/internal/controller/testQuote.go:25
3.  github.com/gogf/gf/v2/net/ghttp.(*middleware).callHandlerFunc.func1
    D:/Work/go/pkg/mod/github.com/gogf/gf/v2@v2.1.4/net/ghttp/ghttp_request_middleware.go:131
4.  github.com/gogf/gf/v2/net/ghttp.niceCallFunc
    D:/Work/go/pkg/mod/github.com/gogf/gf/v2@v2.1.4/net/ghttp/ghttp_func.go:55
5.  github.com/gogf/gf/v2/net/ghttp.(*middleware).callHandlerFunc
    D:/Work/go/pkg/mod/github.com/gogf/gf/v2@v2.1.4/net/ghttp/ghttp_request_middleware.go:129
6.  github.com/gogf/gf/v2/net/ghttp.(*middleware).Next.func1.4
    D:/Work/go/pkg/mod/github.com/gogf/gf/v2@v2.1.4/net/ghttp/ghttp_request_middleware.go:90
7.  github.com/gogf/gf/v2/net/ghttp.niceCallFunc
    D:/Work/go/pkg/mod/github.com/gogf/gf/v2@v2.1.4/net/ghttp/ghttp_func.go:55
8.  github.com/gogf/gf/v2/net/ghttp.(*middleware).Next.func1
    D:/Work/go/pkg/mod/github.com/gogf/gf/v2@v2.1.4/net/ghttp/ghttp_request_middleware.go:89
9.  github.com/gogf/gf/v2/util/gutil.TryCatch
    D:/Work/go/pkg/mod/github.com/gogf/gf/v2@v2.1.4/util/gutil/gutil.go:56
10. github.com/gogf/gf/v2/net/ghttp.(*middleware).Next
    D:/Work/go/pkg/mod/github.com/gogf/gf/v2@v2.1.4/net/ghttp/ghttp_request_middleware.go:49
11. github.com/gogf/gf/v2/net/ghttp.internalMiddlewareServerTracing
    D:/Work/go/pkg/mod/github.com/gogf/gf/v2@v2.1.4/net/ghttp/ghttp_middleware_tracing.go:78
12. github.com/gogf/gf/v2/net/ghttp.(*middleware).Next.func1.5
    D:/Work/go/pkg/mod/github.com/gogf/gf/v2@v2.1.4/net/ghttp/ghttp_request_middleware.go:96
13. github.com/gogf/gf/v2/net/ghttp.niceCallFunc
    D:/Work/go/pkg/mod/github.com/gogf/gf/v2@v2.1.4/net/ghttp/ghttp_func.go:55
14. github.com/gogf/gf/v2/net/ghttp.(*middleware).Next.func1
    D:/Work/go/pkg/mod/github.com/gogf/gf/v2@v2.1.4/net/ghttp/ghttp_request_middleware.go:95
15. github.com/gogf/gf/v2/util/gutil.TryCatch
    D:/Work/go/pkg/mod/github.com/gogf/gf/v2@v2.1.4/util/gutil/gutil.go:56
16. github.com/gogf/gf/v2/net/ghttp.(*middleware).Next
    D:/Work/go/pkg/mod/github.com/gogf/gf/v2@v2.1.4/net/ghttp/ghttp_request_middleware.go:49
17. github.com/gogf/gf/v2/net/ghttp.(*Server).ServeHTTP
    D:/Work/go/pkg/mod/github.com/gogf/gf/v2@v2.1.4/net/ghttp/ghttp_server_handler.go:121

2023-04-10 15:11:20.219 [ERRO] 净价计算失败，取消发送该笔报价{"TYPE":"M","CLORDID":"QRdhzqtrd051120073","QUOTEID":"","QUOTESTATUS":"","BONDCODE":"200301","MAXFLOOR":10000000,"BUYORDERQTY":50000000,"BUYPRICE":0,"BUYYTMYILED":2.2,"BUYDEALQTY":0,"SELLORDERQTY":30000000,"SELLPRICE":0,"SELLYTMYILED":2.1,"SELLDEALQTY":0,"SETTLTYPE":2,"ORDERTIME":"2023-04-10 15:11:20","TRANSACTTIME":"","INFO":""}
Stack:
1.  NewMarkerMaker/internal/logic.SendMMQuote
    D:/Work/NewMM/NewMarkerMaker/internal/logic/QuoteLogic.go:23
2.  NewMarkerMaker/internal/controller.SendTestMMQuote
    D:/Work/NewMM/NewMarkerMaker/internal/controller/testQuote.go:28
3.  github.com/gogf/gf/v2/net/ghttp.(*middleware).callHandlerFunc.func1
    D:/Work/go/pkg/mod/github.com/gogf/gf/v2@v2.1.4/net/ghttp/ghttp_request_middleware.go:131
4.  github.com/gogf/gf/v2/net/ghttp.niceCallFunc
    D:/Work/go/pkg/mod/github.com/gogf/gf/v2@v2.1.4/net/ghttp/ghttp_func.go:55
5.  github.com/gogf/gf/v2/net/ghttp.(*middleware).callHandlerFunc
    D:/Work/go/pkg/mod/github.com/gogf/gf/v2@v2.1.4/net/ghttp/ghttp_request_middleware.go:129
6.  github.com/gogf/gf/v2/net/ghttp.(*middleware).Next.func1.4
    D:/Work/go/pkg/mod/github.com/gogf/gf/v2@v2.1.4/net/ghttp/ghttp_request_middleware.go:90
7.  github.com/gogf/gf/v2/net/ghttp.niceCallFunc
    D:/Work/go/pkg/mod/github.com/gogf/gf/v2@v2.1.4/net/ghttp/ghttp_func.go:55
8.  github.com/gogf/gf/v2/net/ghttp.(*middleware).Next.func1
    D:/Work/go/pkg/mod/github.com/gogf/gf/v2@v2.1.4/net/ghttp/ghttp_request_middleware.go:89
9.  github.com/gogf/gf/v2/util/gutil.TryCatch
    D:/Work/go/pkg/mod/github.com/gogf/gf/v2@v2.1.4/util/gutil/gutil.go:56
10. github.com/gogf/gf/v2/net/ghttp.(*middleware).Next
    D:/Work/go/pkg/mod/github.com/gogf/gf/v2@v2.1.4/net/ghttp/ghttp_request_middleware.go:49
11. github.com/gogf/gf/v2/net/ghttp.internalMiddlewareServerTracing
    D:/Work/go/pkg/mod/github.com/gogf/gf/v2@v2.1.4/net/ghttp/ghttp_middleware_tracing.go:78
12. github.com/gogf/gf/v2/net/ghttp.(*middleware).Next.func1.5
    D:/Work/go/pkg/mod/github.com/gogf/gf/v2@v2.1.4/net/ghttp/ghttp_request_middleware.go:96
13. github.com/gogf/gf/v2/net/ghttp.niceCallFunc
    D:/Work/go/pkg/mod/github.com/gogf/gf/v2@v2.1.4/net/ghttp/ghttp_func.go:55
14. github.com/gogf/gf/v2/net/ghttp.(*middleware).Next.func1
    D:/Work/go/pkg/mod/github.com/gogf/gf/v2@v2.1.4/net/ghttp/ghttp_request_middleware.go:95
15. github.com/gogf/gf/v2/util/gutil.TryCatch
    D:/Work/go/pkg/mod/github.com/gogf/gf/v2@v2.1.4/util/gutil/gutil.go:56
16. github.com/gogf/gf/v2/net/ghttp.(*middleware).Next
    D:/Work/go/pkg/mod/github.com/gogf/gf/v2@v2.1.4/net/ghttp/ghttp_request_middleware.go:49
17. github.com/gogf/gf/v2/net/ghttp.(*Server).ServeHTTP
    D:/Work/go/pkg/mod/github.com/gogf/gf/v2@v2.1.4/net/ghttp/ghttp_server_handler.go:121

2023-04-10 15:42:37.247 [INFO] rabbitmq connection is established
2023-04-10 15:42:56.847 [INFO] rabbitmq connection is established
